2022-12-06 21:43:51 INFO::Writing function arguments to log file
2022-12-06 21:43:51 DEBUG::Function arguments
2022-12-06 21:43:51 DEBUG::Output folder: output/tweedieverse
2022-12-06 21:43:51 DEBUG::Abundance threshold: 0.000000
2022-12-06 21:43:51 DEBUG::Prevalence threshold: 0.100000
2022-12-06 21:43:51 DEBUG::Variance threshold: 0.000000
2022-12-06 21:43:51 DEBUG::Base model: CPLM
2022-12-06 21:43:51 DEBUG::Link function: log
2022-12-06 21:43:51 DEBUG::Fixed effects: groups
2022-12-06 21:43:51 DEBUG::Random effects:
2022-12-06 21:43:51 DEBUG::ZSCP cutoff: 0.300000
2022-12-06 21:43:51 DEBUG::ZACP criteria: BIC
2022-12-06 21:43:51 DEBUG::Offset adjustment: TRUE
2022-12-06 21:43:51 DEBUG::Scale factor:
2022-12-06 21:43:51 DEBUG::Max significance: 0.050000
2022-12-06 21:43:51 DEBUG::Correction method: BH
2022-12-06 21:43:51 DEBUG::Standardize: TRUE
2022-12-06 21:43:51 DEBUG::Cores: 2
2022-12-06 21:43:51 DEBUG::Optimization routine: nlminb
2022-12-06 21:43:51 INFO::Determining format of input files
2022-12-06 21:43:51 INFO::Input format is data samples as rows and metadata samples as rows
2022-12-06 21:43:51 DEBUG::A total of 13124 samples were found in both the data and metadata
2022-12-06 21:43:51 DEBUG::Reordering data/metadata to use same sample ordering
2022-12-06 21:43:51 INFO::Filter data based on min abundance and min prevalence
2022-12-06 21:43:51 INFO::Total samples in data: 13124
2022-12-06 21:43:51 INFO::Min samples required with min abundance for a feature not to be filtered: 1312.400000
2022-12-06 21:43:51 INFO::Total filtered features with prevalence-abundance filtering: 731
2022-12-06 21:43:51 INFO::Filtered feature names: RPTN, TMPRSS11B, SPRR2E, SPRR2D, CCL3, CRNN, IL1B, RHCG, CCL4, CCL5, KRT5, RGS1, KLK7, SARSCoV2-3prime, S100A7, SARSCoV2-N, PLAT, SPINK7, CD83, IL7R, SPP1, KLK6, CEACAM7, MMP10, SARSCoV2-ORF10, GNLY, SARSCoV2-nsp3, SARSCoV2-S, KRT16, PLEK, APOE, SARSCoV2-nsp2, CXCL2, SARSCoV2-NegStrand, CCL3L1, ECM1, SARSCoV2-nsp12, GZMB, SPRR2F, UCA1, FN1, MT1G, LINC02303, CCL2, CXCL3, SERPINB4, CD69, CXCR4, FCGBP, APOBEC3A, MRC1, SARSCoV2-nsp16, MTRNR2L8, CPA4, CRCT1, CCR7, SARSCoV2-nsp15, PTPRC, KLK13, TYROBP, CNFN, SARSCoV2-nsp13, THBS1, TINAGL1, SARSCoV2-ORF7a, SARSCoV2-nsp14, NR4A3, CXCL10, CD163, GPR183, CCL4L2, CYBB, CCL20, EREG, HBB, MTRNR2L6, SARSCoV2-ORF8, MUC5B, ZEB2, G0S2, SARSCoV2-nsp4, IVL, LAPTM5, CDC20B, IL36A, SARSCoV2-ORF3a, SARSCoV2-M, STATH, CD8A, CLCA4, TRBC2, SARSCoV2-nsp1, CALB1, IL36RN, CXCL6, MKI67, CALML3, KLK5, AC020656.1, CXCL9, SARSCoV2-nsp6, MUC22, CYP2A6, FABP4, PLAUR, SARSCoV2-nsp10, IL36G, HLA-DQA1, IDO1, DUOXA2, ITGA1, TNFRSF1B, CXCL5, MT1H, TOP2A, MTRNR2L10, RARRES2, SLAMF7, RETN, OLR1, APOC1, SLC11A1, CD3D, SARSCoV2-nsp5, PLAU, SARSCoV2-ORF6, CYP1B1, TNC, TAGAP, FCER1G, IFNG, SCGB3A1, GZMA, COL7A1, SERPINB9, PECAM1, CD2, RNASE7, POSTN, SLC34A2, SLC26A4, SARSCoV2-nsp8, HLA-DQA2, PPBP, CSF1, HEPHL1, ADGRF5, RNASE1, CLCNKB, FAM25A, NOS2, IL1RL1, MT1X, CAMK2N1, INHBA, PRF1, C1QB, BCL2A1, LGALS1, TP63, LTF, FLG, TMPRSS11A, IKZF3, CFTR, PTGS2, IRF4, SAMSN1, FYB1, TGFBI, AIF1, ANK2, CCL18, DEFB4A, TNF, FAM111B, C1QA, SNX10, CCND2, ITGAX, DKK1, CD86, IRF8, STAP1, LYPD3, CHIT1, FCN1, TIMP3, LAMB1, SARSCoV2-nsp7, BCAT1, PIP, AQP9, TCN1, MCEMP1, IGF1, MS4A1, ETS1, CLEC5A, CD96, SPRR1A, MT1M, ITGB2, IGSF6, SERPINA1, GEM, IL19, SARSCoV2-nsp9, DSG3, CXCL11, SLA, KRT14, ITIH5, A2M, ASCL3, LCP2, SERPINB13, CD300E, SLC2A3, CENPF, KLK8, S100A12, FDCSP, LTB, PHACTR1, MSR1, C6orf15, KLK12, ZNF114, OASL, CD52, GPRIN3, IKZF1, TNFAIP6, SARSCoV2-Unspliced-ORF7a, FGFBP1, EDN2, SLC39A8, MS4A7, SPRR2G, TRAC, LAMA4, CHI3L1, CD14, TRBC1, CALML5, TPSB2, CCRL2, ABLIM3, FCGR3A, DOCK10, IL2RB, LILRB2, UCHL1, MARCO, HSD11B2, MS4A6A, TPSAB1, SPRR2B, EGR2, SPOCK2, HBA2, SDS, CORO1A, CDSN, LAIR1, CSF1R, EGR3, PAG1, AOC1, CD53, CD3G, CCNA1, JAML, EHD3, FPR1, SBSN, CCDC88A, DMBT1, WIPF1, IGKC, KRT6C, EMILIN2, CYP1A1, PLXDC2, AC019349.1, SLC26A9, ANLN, CCL8, CPA3, LOXL4, CYP26A1, KRT6B, KIT, ITGA4, PTPN22, MPEG1, SARSCoV2-E, RUNX3, FOXI1, IL23A, JCHAIN, FCGR2A, FGL2, COL6A1, AC243829.4, HBA1, LILRB1, COTL1, C11orf96, MNDA, SPINK1, MYO1F, AREG, CLEC2D, SERPINE1, PDE4B, DEFB1, CD177, ARHGAP30, CTSV, ALOX15B, FAT2, SELL, MIR155HG, RAC2, SPN, CCL22, ASPM, SCNN1G, KLRD1, TTN, HBEGF, LCK, AC011483.2, IL10RA, PTPRE, BCL2, AKAP12, LAG3, MMP7, PLAC4, VSIG4, CRTAM, CD48, CD84, PIK3AP1, C6, TFPI2, DGKI, MMP1, CHAC1, PTPN7, ICOS, BCL11B, CAPN14, SEMA5A, GLIPR1, CCR5, VNN1, ADGRE2, BSND, IER3-AS1, NLRC3, ALOX5AP, FABP3, CLCA2, CLEC4E, STAB1, PREX1, KLRB1, LILRB4, TGFB2, RASSF2, TNFSF14, ITGAL, TREM1, RYR3, SLC7A11, HCG22, CHP2, SLC16A10, FST, AC023157.3, DAB2, LHFPL2, CD200R1L, FERMT3, IL1A, DIO2, ITPR2, FAM166A, SLCO4A1, BTNL9, GMFG, CYP24A1, LY6K, PLXNC1, MMP13, CNNM1, ADAM19, HLA-DQB2, MUC13, RAB8B, ANXA9, IL32, SDC2, DOCK2, NCKAP1L, PRSS3, CCR1, ITK, RASD1, PLK4, FYN, TRAF1, CAVIN1, MIAT, HEPACAM2, PDE1C, TNIP3, MT1F, CYTIP, CENPE, APBB1IP, ACAP1, AIF1L, TCIM, ARHGAP25, PPP1R16B, HCK, ARHGAP9, DOK2, CCL7, FAM83D, MUC2, AL138963.3, SERPINB5, SERPINB7, ASPRV1, CPVL, CD247, HTR3A, SARSCoV2-5prime, HEG1, SEPT6, AL133415.1, GJB2, TBC1D4, SMAD7, RELN, SIRPA, PPP1R3C, HIST1H4H, AC105460.1, MEF2C, MMP19, IL6, TLR2, TNNI2, TBC1D10C, IGHA1, HERC5, ADAMTS1, ANKRD44, LRMP, SLCO2B1, TNS1, SYT5, BIN2, EPB41L3, PKP1, GRPEL2, EMP3, AL034376.2, ATP6V0D2, BCAM, FMNL1, P2RX7, NMU, FGR, NRARP, ZNF556, AP003352.1, NKG7, DSC2, RCSD1, LINC01436, PGGHG, FOXN4, LINC00707, DPYS, CEP152, SLC8A1, PADI2, EDN1, SLC7A5, ANKRD36B, PAQR4, FPR3, OBSCN, CSGALNACT2, CAMP, TGFB1, ALOX12, SPDEF, ARHGAP4, TNFSF15, DSC3, LGI1, CD6, C1S, TINCR, TPX2, ZNF555, MTHFD2, HAVCR2, RASSF4, CYTH4, SLC5A5, HBD, IGHM, CLEC7A, HELLS, TMC8, ALAS2, TREM2, NOTCH1, TCF7, LST1, IL1R2, PLEKHO1, COL6A6, RIMS1, CYP3A5, PDGFA, CEL, FAM49A, LTBP2, DHRS2, AC092069.1, TNNI3, ENPP2, RASGRP1, TSIX, LRRC75A, CSKMT, CPM, C1orf115, CYP2B6, KBTBD8, SH2B3, ITGAM, TIGIT, FSCN1, NEFM, POU2F2, GNG2, SFMBT2, CLDN10, NR1D1, HIST1H1D, CYP2E1, CGAS, HLA-DMB, SGTB, TUBB6, ARID5A, FILIP1L, AL078639.1, VWF, ANKRD18B, CD93, TNS4, SLC4A4, TRAF3IP3, NUSAP1, RNF39, SP140, BRCA2, LPL, ZNF165, HMGCS2, MMP3, DOCK11, CD4, ARHGAP45, MPP1, AC020916.1, THEMIS, MS4A4A, CIITA, FLT1, SCUBE2, TENT5B, CD226, MIR29B2CHG, GIMAP7, ASAP1, INPP5D, DCN, PSTPIP1, RIPK2, MAN1A1, JAK3, SLFN11, LINC00342, SULT1E1, NRIP3, MYC, PPP1R18, CEP85L, RNF125, AC015712.2, SERPINE2, SARSCoV2-Unspliced-N, CCDC18, PRKCB, CSF2RA, SKAP2, CRISP3, CD3E, HIST1H2AE, TMPRSS11F, RND1, PLCG2, AL031777.3, UCN3, ADCY7, SESN3, RNF223, DLL1, AMOTL1, ARG2, MYO1G, USP13, PPARGC1A, APOBEC3B, MAPRE2, SVOPL, ANXA6, RBM20, PIK3CG, RGS16, ARC, IL2RA, CENPJ, FMNL3, RHOH, NEURL3, SLC6A12, ADAP2, SASH3, FBLN1, CGA, TFEC, COL9A2, THBD, JAG2, GABRE, COL6A3, SARSCoV2-Unspliced-ORF6, PDE3B, FAM126A, ANOS1, PCP4L1, H3F3A, CWH43, DOC2A, CSF2RB, AJAP1, STC1, MYBL1, EGR4, PPARG, RELT, E2F7, IRAK2, APOBR, EPB41L2, HRH1, ATF5, TNS3, AL365361.1, CD37, GZMH, ATP13A5, ICAM4, DGKD, AOAH, PLEKHO2, BANK1, KLF12, HIST1H3H, CARD8, KRT7-AS, ST3GAL5, RNF222, CBR3, VSIG10L, LINC01559, SERPING1, SARSCoV2-ORF7b, ADAM8, LAX1, NEK2, LINC01187, CLDN17, KCNJ15, SPINK6, CHST11, WNT5A, SLC43A3, VASH1, LPXN, NFATC2, CAMK4, PCDH19, C15orf62, SGO2, C1QC, TNIK, LILRB3, LCE3D, ADA, FABP5, CEMIP, MYCL, CALD1, AMTN, FXYD5
2022-12-06 21:43:52 INFO::Total filtered features with variance filtering: 0
2022-12-06 21:43:52 INFO::Filtered feature names:
2022-12-06 21:43:52 INFO::Excluded metadata with entropy less or equal to 0:
2022-12-06 21:43:52 INFO::Formula for fixed effects: expr ~  groups
2022-12-06 21:43:52 INFO::Applying z-score to standardize continuous metadata
2022-12-06 21:43:52 INFO::Running selected analysis method: CPLM
2022-12-06 21:43:52 INFO::Creating cluster of 2 R processes
2022-12-06 22:07:43 INFO::Counting prevalence for each feature
2022-12-06 22:07:44 INFO::Writing all results to file (ordered by increasing q-values): output/tweedieverse/all_results.tsv
2022-12-06 22:07:44 INFO::Writing the significant results (those which are less than or equal to the threshold of 0.050000 ) to file (ordered by increasing q-values): output/tweedieverse/significant_results.tsv
2022-12-06 22:07:44 INFO::Writing Tweedie inxed plot to file: output/tweedieverse
2022-12-06 22:07:44 INFO::Plotting tweedie.index  colored by metadata
2022-12-06 22:07:44 INFO::Plotting tweedie.index
